<?xml version="1.0" encoding="UTF-8"?>
<!-- Generated by org.testng.reporters.JUnitXMLReporter -->
<testsuite ignored="0" hostname="Abhisheks-MBP2.lan" failures="0" tests="3" name="Default test" time="5.721" errors="0" timestamp="2023-11-27T19:03:02 EST">
  <testcase classname="com.practice.automation.login.GsmartLoginTest" name="launchTest" time="1.648"/>
  <testcase classname="com.practice.automation.login.GsmartLoginTest" name="loginTest" time="0.921"/>
  <testcase classname="com.practice.automation.login.GsmartLoginTest" name="navigateBackToHome" time="3.064"/>
</testsuite> <!-- Default test -->
