<?xml version="1.0" encoding="UTF-8"?>
<testng-results ignored="0" total="3" passed="3" failed="0" skipped="0">
  <reporter-output>
  </reporter-output>
  <suite started-at="2023-11-27T19:02:56 EST" name="Default suite" finished-at="2023-11-27T19:03:02 EST" duration-ms="5721">
    <groups>
    </groups>
    <test started-at="2023-11-27T19:02:56 EST" name="Default test" finished-at="2023-11-27T19:03:02 EST" duration-ms="5721">
      <class name="com.practice.automation.login.GsmartLoginTest">
        <test-method is-config="true" signature="init()[pri:0, instance:com.practice.automation.login.GsmartLoginTest@6bd61f98]" started-at="2023-11-27T19:02:49 EST" name="init" finished-at="2023-11-27T19:02:56 EST" duration-ms="7482" status="PASS">
          <reporter-output>
          </reporter-output>
        </test-method> <!-- init -->
        <test-method signature="launchTest()[pri:0, instance:com.practice.automation.login.GsmartLoginTest@6bd61f98]" started-at="2023-11-27T19:02:56 EST" name="launchTest" finished-at="2023-11-27T19:02:58 EST" duration-ms="1648" status="PASS">
          <reporter-output>
          </reporter-output>
        </test-method> <!-- launchTest -->
        <test-method signature="loginTest()[pri:0, instance:com.practice.automation.login.GsmartLoginTest@6bd61f98]" started-at="2023-11-27T19:02:58 EST" name="loginTest" finished-at="2023-11-27T19:02:59 EST" depends-on-methods="com.practice.automation.login.GsmartLoginTest.launchTest" duration-ms="921" status="PASS">
          <reporter-output>
          </reporter-output>
        </test-method> <!-- loginTest -->
        <test-method signature="navigateBackToHome()[pri:0, instance:com.practice.automation.login.GsmartLoginTest@6bd61f98]" started-at="2023-11-27T19:02:59 EST" name="navigateBackToHome" finished-at="2023-11-27T19:03:02 EST" depends-on-methods="com.practice.automation.login.GsmartLoginTest.loginTest" duration-ms="3064" status="PASS">
          <reporter-output>
          </reporter-output>
        </test-method> <!-- navigateBackToHome -->
        <test-method is-config="true" signature="cleanUp()[pri:0, instance:com.practice.automation.login.GsmartLoginTest@6bd61f98]" started-at="2023-11-27T19:03:02 EST" name="cleanUp" finished-at="2023-11-27T19:03:02 EST" duration-ms="170" status="PASS">
          <reporter-output>
          </reporter-output>
        </test-method> <!-- cleanUp -->
      </class> <!-- com.practice.automation.login.GsmartLoginTest -->
    </test> <!-- Default test -->
  </suite> <!-- Default suite -->
</testng-results>
